{
  "203.0.113.45": [
    "2025-03-10 13:45:01",
    "2025-03-10 13:45:12",
    "2025-03-10 13:45:25",
    "2025-03-10 13:45:37",
    "2025-03-10 13:45:50",
    "2025-03-10 13:46:05",
    "2025-03-10 13:57:35",
    "2025-03-10 13:57:48",
    "2025-03-10 13:58:01",
    "2025-03-10 13:58:14",
    "2025-03-10 13:58:29",
    "2025-03-10 13:58:45",
    "2025-03-10 14:09:12",
    "2025-03-10 14:09:25",
    "2025-03-10 14:09:37",
    "2025-03-10 14:09:50",
    "2025-03-10 14:10:05",
    "2025-03-10 14:10:20"
  ],
  "203.0.113.46": [
    "2025-03-10 13:46:42",
    "2025-03-10 13:46:55",
    "2025-03-10 13:47:10",
    "2025-03-10 13:47:22",
    "2025-03-10 13:56:00",
    "2025-03-10 13:56:15",
    "2025-03-10 13:56:30",
    "2025-03-10 13:56:45",
    "2025-03-10 13:57:00",
    "2025-03-10 14:06:10",
    "2025-03-10 14:06:22",
    "2025-03-10 14:06:35",
    "2025-03-10 14:06:50",
    "2025-03-10 14:07:05"
  ],
  "198.51.100.99": [
    "2025-03-10 13:50:30",
    "2025-03-10 13:50:43",
    "2025-03-10 13:51:02",
    "2025-03-10 13:51:18",
    "2025-03-10 13:51:33"
  ],
  "198.51.100.55": [
    "2025-03-10 13:52:05"
  ],
  "203.0.113.200": [
    "2025-03-10 13:53:02",
    "2025-03-10 13:53:14",
    "2025-03-10 14:03:00",
    "2025-03-10 14:03:12",
    "2025-03-10 14:03:27",
    "2025-03-10 14:03:40",
    "2025-03-10 14:03:55"
  ],
  "203.0.113.77": [
    "2025-03-10 13:54:12",
    "2025-03-10 13:54:30",
    "2025-03-10 13:54:46"
  ],
  "198.51.100.120": [
    "2025-03-10 14:00:01",
    "2025-03-10 14:00:14",
    "2025-03-10 14:00:29",
    "2025-03-10 14:00:45",
    "2025-03-10 14:01:02"
  ],
  "192.0.2.77": [
    "2025-03-10 14:05:00",
    "2025-03-10 14:05:15",
    "2025-03-10 14:05:30"
  ]
}